Arguments: 
  C:\Program Files\nodejs\node.exe C:\Program Files (x86)\Yarn\bin\yarn.js add ui5

PATH: 
  C:\WINDOWS\system32;C:\WINDOWS;C:\WINDOWS\System32\Wbem;C:\WINDOWS\System32\WindowsPowerShell\v1.0\;C:\WINDOWS\System32\OpenSSH\;C:\Program Files\dotnet\;C:\Program Files\Microsoft SQL Server\130\Tools\Binn\;C:\Program Files\Microsoft SQL Server\Client SDK\ODBC\170\Tools\Binn\;C:\Program Files\TortoiseGit\bin;C:\Program Files\nodejs\;C:\Program Files (x86)\Yarn\bin\;C:\ADE\aime_529333\oracle;C:\ADE\aime_529333\oracle\vc14;C:\Program Files\Git\cmd;C:\Users\dougl\AppData\Local\Microsoft\WindowsApps;C:\Users\dougl\AppData\Local\Programs\Microsoft VS Code\bin;C:\Users\dougl\AppData\Roaming\npm;C:\Users\dougl\AppData\Local\Yarn\bin;C:\ADE\aime_529333\oracle;C:\ADE\aime_529333\oracle\vc14;;C:\Users\dougl\AppData\Local\Programs\Fiddler;C:\Users\dougl\.dotnet\tools

Yarn version: 
  1.21.1

Node version: 
  12.14.1

Platform: 
  win32 x64

Trace: 
  Error: https://registry.yarnpkg.com/ui5: Not found
      at Request.params.callback [as _callback] (C:\Program Files (x86)\Yarn\lib\cli.js:66056:18)
      at Request.self.callback (C:\Program Files (x86)\Yarn\lib\cli.js:140665:22)
      at Request.emit (events.js:223:5)
      at Request.<anonymous> (C:\Program Files (x86)\Yarn\lib\cli.js:141637:10)
      at Request.emit (events.js:223:5)
      at IncomingMessage.<anonymous> (C:\Program Files (x86)\Yarn\lib\cli.js:141559:12)
      at Object.onceWrapper (events.js:312:28)
      at IncomingMessage.emit (events.js:228:7)
      at endReadableNT (_stream_readable.js:1185:12)
      at processTicksAndRejections (internal/process/task_queues.js:81:21)

npm manifest: 
  {
    "name": "dgs.www.tutorial",
    "version": "1.0.0",
    "main": "index.js",
    "keywords": [],
    "author": "",
    "license": "ISC",
    "scripts": {
      "dev": "browser-sync start -s \"./\" -f . --no-notify",
      "prod": "browser-sync start -s \"dist/\" -f . --no-notify",
      "build": "ui5 build --clean-dest --all --exclude-task=createDebugFiles",
      "build-dbg": "ui5 build --clean-dest",
      "build-copy": "yarn build && powershell copy -r -force dist/* ../varsis.www.login/apps/APInvoices/"
    },
    "repository": {
      "type": "git",
      "url": "https://Varsis@dev.azure.com/Varsis/Varsis%20Retail/_git/varsis.www.apinvoices"
    },
    "description": ""
  }

yarn manifest: 
  No manifest

Lockfile: 
  # THIS IS AN AUTOGENERATED FILE. DO NOT EDIT THIS FILE DIRECTLY.
  # yarn lockfile v1
