Arguments: 
  C:\Program Files\nodejs\node.exe C:\Program Files (x86)\Yarn\bin\yarn.js devDependencies

PATH: 
  C:\WINDOWS\system32;C:\WINDOWS;C:\WINDOWS\System32\Wbem;C:\WINDOWS\System32\WindowsPowerShell\v1.0\;C:\WINDOWS\System32\OpenSSH\;C:\Program Files\dotnet\;C:\Program Files\Microsoft SQL Server\Client SDK\ODBC\170\Tools\Binn\;C:\Program Files\TortoiseGit\bin;C:\Program Files\nodejs\;C:\Program Files (x86)\Yarn\bin\;C:\ADE\aime_529333\oracle;C:\ADE\aime_529333\oracle\vc14;C:\Program Files\Git\cmd;C:\Program Files (x86)\dotnet\;C:\Program Files (x86)\Microsoft SQL Server\150\Tools\Binn\;C:\Program Files\Microsoft SQL Server\150\Tools\Binn\;C:\Program Files\Microsoft SQL Server\150\DTS\Binn\;C:\Program Files\Microsoft SQL Server\130\Tools\Binn\;C:\Users\dougl\AppData\Local\Microsoft\WindowsApps;C:\Users\dougl\AppData\Local\Programs\Microsoft VS Code\bin;C:\Users\dougl\AppData\Roaming\npm;C:\Users\dougl\AppData\Local\Yarn\bin;C:\ADE\aime_529333\oracle;C:\ADE\aime_529333\oracle\vc14;;C:\Users\dougl\AppData\Local\Programs\Fiddler;C:\Users\dougl\.dotnet\tools;C:\Users\dougl\.dotnet\tools;C:\Users\dougl\AppData\Local\Microsoft\WindowsApps

Yarn version: 
  1.21.1

Node version: 
  12.14.1

Platform: 
  win32 x64

Trace: 
  TypeError: Cannot convert object to primitive value
      at Array.join (<anonymous>)
      at ShellString.[format] (C:\Program Files (x86)\Yarn\lib\cli.js:135609:80)
      at ShellString.toString (C:\Program Files (x86)\Yarn\lib\cli.js:135605:30)
      at sh (C:\Program Files (x86)\Yarn\lib\cli.js:135698:55)
      at C:\Program Files (x86)\Yarn\lib\cli.js:61535:52
      at Generator.next (<anonymous>)
      at step (C:\Program Files (x86)\Yarn\lib\cli.js:310:30)
      at C:\Program Files (x86)\Yarn\lib\cli.js:321:13

npm manifest: 
  {
    "name": "dgs.www.tutorial",
    "version": "1.0.0",
    "main": "index.js",
    "keywords": [],
    "author": "",
    "license": "ISC",
    "scripts": {
      "proxy": "node proxy.js",
      "devDependencies": {
        "myProxy": "^x.y.z"
      },
      "dev": "browser-sync start -s \"./\" -f . --no-notify",
      "prod": "browser-sync start -s \"dist/\" -f . --no-notify",
      "build": "ui5 build --clean-dest --all --exclude-task=createDebugFiles",
      "build-dbg": "ui5 build --clean-dest",
      "build-copy": "yarn build && powershell copy -r -force dist/* ../varsis.www.login/apps/APInvoices/"
    },
    "repository": {
      "type": "git",
      "url": "https://Varsis@dev.azure.com/Varsis/Varsis%20Retail/_git/varsis.www.apinvoices"
    },
    "description": ""
  }

yarn manifest: 
  No manifest

Lockfile: 
  # THIS IS AN AUTOGENERATED FILE. DO NOT EDIT THIS FILE DIRECTLY.
  # yarn lockfile v1
